c:\users\javie\documents\github\uni\faa_prac5\debug\vc142.pdb
c:\users\javie\documents\github\uni\faa_prac5\debug\vc142.idb
c:\users\javie\documents\github\uni\faa_prac5\debug\bar.obj
c:\users\javie\documents\github\uni\faa_prac5\debug\algoritmos.obj
c:\users\javie\documents\github\uni\faa_prac5\debug\main.obj
c:\users\javie\documents\github\uni\faa_prac5\debug\serie.obj
c:\users\javie\documents\github\uni\faa_prac5\debug\algoritmostapas.obj
c:\users\javie\documents\github\uni\faa_prac5\debug\algoritmosseries.obj
c:\users\javie\documents\github\uni\faa_prac5\debug\algoritmosordenacion.obj
c:\users\javie\documents\github\uni\faa_prac5\debug\capitulo.obj
c:\users\javie\documents\github\uni\faa_prac5\debug\faa_prac5.pdb
c:\users\javie\documents\github\uni\faa_prac5\debug\faa_prac5.tlog\cl.command.1.tlog
c:\users\javie\documents\github\uni\faa_prac5\debug\faa_prac5.tlog\cl.read.1.tlog
c:\users\javie\documents\github\uni\faa_prac5\debug\faa_prac5.tlog\cl.write.1.tlog
c:\users\javie\documents\github\uni\faa_prac5\debug\faa_prac5.tlog\link-cvtres.read.1.tlog
c:\users\javie\documents\github\uni\faa_prac5\debug\faa_prac5.tlog\link-cvtres.write.1.tlog
c:\users\javie\documents\github\uni\faa_prac5\debug\faa_prac5.tlog\link-rc.read.1.tlog
c:\users\javie\documents\github\uni\faa_prac5\debug\faa_prac5.tlog\link-rc.write.1.tlog
c:\users\javie\documents\github\uni\faa_prac5\debug\faa_prac5.tlog\link.27880-cvtres.read.1.tlog
c:\users\javie\documents\github\uni\faa_prac5\debug\faa_prac5.tlog\link.27880-cvtres.write.1.tlog
c:\users\javie\documents\github\uni\faa_prac5\debug\faa_prac5.tlog\link.27880-rc.read.1.tlog
c:\users\javie\documents\github\uni\faa_prac5\debug\faa_prac5.tlog\link.27880-rc.write.1.tlog
c:\users\javie\documents\github\uni\faa_prac5\debug\faa_prac5.tlog\link.27880.read.1.tlog
c:\users\javie\documents\github\uni\faa_prac5\debug\faa_prac5.tlog\link.27880.write.1.tlog
c:\users\javie\documents\github\uni\faa_prac5\debug\faa_prac5.tlog\link.command.1.tlog
c:\users\javie\documents\github\uni\faa_prac5\debug\faa_prac5.tlog\link.read.1.tlog
c:\users\javie\documents\github\uni\faa_prac5\debug\faa_prac5.tlog\link.write.1.tlog
